chr chr22 (51304566 bp)

Number of paired-end alignments with a unique best hit:	5
Mapping efficiency:	0.0%

Sequence pairs with no alignments under any condition:	11215
Sequence pairs did not map uniquely:	4
Sequence pairs which were discarded because genomic sequence could not be extracted:	0

Number of sequence pairs with unique best (first) alignment came from the bowtie output:
CT/GA/CT:	4	((converted) top strand)
GA/CT/CT:	0	(complementary to (converted) top strand)
GA/CT/GA:	0	(complementary to (converted) bottom strand)
CT/GA/GA:	1	((converted) bottom strand)

Number of alignments to (merely theoretical) complementary strands being rejected in total:	0

Number of paired-end alignments with a unique best hit:	5
Mapping efficiency:	0.0%

Sequence pairs with no alignments under any condition:	11218
Sequence pairs did not map uniquely:	1
Sequence pairs which were discarded because genomic sequence could not be extracted:	0

Number of sequence pairs with unique best (first) alignment came from the bowtie output:
CT/GA/CT:	4	((converted) top strand)
GA/CT/CT:	0	(complementary to (converted) top strand)
GA/CT/GA:	0	(complementary to (converted) bottom strand)
CT/GA/GA:	1	((converted) bottom strand)

Number of alignments to (merely theoretical) complementary strands being rejected in total:	0

Number of paired-end alignments with a unique best hit:	8
Mapping efficiency:	0.1%

Sequence pairs with no alignments under any condition:	11215
Sequence pairs did not map uniquely:	1
Sequence pairs which were discarded because genomic sequence could not be extracted:	0

Number of sequence pairs with unique best (first) alignment came from the bowtie output:
CT/GA/CT:	6	((converted) top strand)
GA/CT/CT:	0	(complementary to (converted) top strand)
GA/CT/GA:	0	(complementary to (converted) bottom strand)
CT/GA/GA:	2	((converted) bottom strand)

Number of alignments to (merely theoretical) complementary strands being rejected in total:	0

Number of paired-end alignments with a unique best hit:	0
Mapping efficiency:	0.0%

Sequence pairs with no alignments under any condition:	11223
Sequence pairs did not map uniquely:	1
Sequence pairs which were discarded because genomic sequence could not be extracted:	0

Number of sequence pairs with unique best (first) alignment came from the bowtie output:
CT/GA/CT:	0	((converted) top strand)
GA/CT/CT:	0	(complementary to (converted) top strand)
GA/CT/GA:	0	(complementary to (converted) bottom strand)
CT/GA/GA:	0	((converted) bottom strand)

Number of alignments to (merely theoretical) complementary strands being rejected in total:	0

Number of paired-end alignments with a unique best hit:	3
Mapping efficiency:	0.0%

Sequence pairs with no alignments under any condition:	11220
Sequence pairs did not map uniquely:	0
Sequence pairs which were discarded because genomic sequence could not be extracted:	0

Number of sequence pairs with unique best (first) alignment came from the bowtie output:
CT/GA/CT:	1	((converted) top strand)
GA/CT/CT:	0	(complementary to (converted) top strand)
GA/CT/GA:	0	(complementary to (converted) bottom strand)
CT/GA/GA:	2	((converted) bottom strand)

Number of alignments to (merely theoretical) complementary strands being rejected in total:	0

Number of paired-end alignments with a unique best hit:	6
Mapping efficiency:	0.1%

Sequence pairs with no alignments under any condition:	11217
Sequence pairs did not map uniquely:	0
Sequence pairs which were discarded because genomic sequence could not be extracted:	0

Number of sequence pairs with unique best (first) alignment came from the bowtie output:
CT/GA/CT:	5	((converted) top strand)
GA/CT/CT:	0	(complementary to (converted) top strand)
GA/CT/GA:	0	(complementary to (converted) bottom strand)
CT/GA/GA:	1	((converted) bottom strand)

Number of alignments to (merely theoretical) complementary strands being rejected in total:	0

Number of paired-end alignments with a unique best hit:	7
Mapping efficiency:	0.1%

Sequence pairs with no alignments under any condition:	11216
Sequence pairs did not map uniquely:	1
Sequence pairs which were discarded because genomic sequence could not be extracted:	0

Number of sequence pairs with unique best (first) alignment came from the bowtie output:
CT/GA/CT:	6	((converted) top strand)
GA/CT/CT:	0	(complementary to (converted) top strand)
GA/CT/GA:	0	(complementary to (converted) bottom strand)
CT/GA/GA:	1	((converted) bottom strand)

Number of alignments to (merely theoretical) complementary strands being rejected in total:	0

Number of paired-end alignments with a unique best hit:	5
Mapping efficiency:	0.0%

Sequence pairs with no alignments under any condition:	11218
Sequence pairs did not map uniquely:	1
Sequence pairs which were discarded because genomic sequence could not be extracted:	0

Number of sequence pairs with unique best (first) alignment came from the bowtie output:
CT/GA/CT:	3	((converted) top strand)
GA/CT/CT:	0	(complementary to (converted) top strand)
GA/CT/GA:	0	(complementary to (converted) bottom strand)
CT/GA/GA:	2	((converted) bottom strand)

Number of alignments to (merely theoretical) complementary strands being rejected in total:	0

sample_R1_val_1.fq_trimmed.fq.gz.temp.1	sample_R2_val_2.fq_trimmed.fq.gz.temp.1	sample_R1_val_1.fq_trimmed.fq.gz.temp.2	sample_R2_val_2.fq_trimmed.fq.gz.temp.2	sample_R1_val_1.fq_trimmed.fq.gz.temp.3	sample_R2_val_2.fq_trimmed.fq.gz.temp.3	sample_R1_val_1.fq_trimmed.fq.gz.temp.4	sample_R2_val_2.fq_trimmed.fq.gz.temp.4	sample_R1_val_1.fq_trimmed.fq.gz.temp.5	sample_R2_val_2.fq_trimmed.fq.gz.temp.5	sample_R1_val_1.fq_trimmed.fq.gz.temp.6	sample_R2_val_2.fq_trimmed.fq.gz.temp.6	sample_R1_val_1.fq_trimmed.fq.gz.temp.7	sample_R2_val_2.fq_trimmed.fq.gz.temp.7	sample_R1_val_1.fq_trimmed.fq.gz.temp.8	sample_R2_val_2.fq_trimmed.fq.gz.temp.8	

sample_R1_val_1.fq_trimmed.fq.gz.temp.1_bismark_hisat2_pe.bam	sample_R1_val_1.fq_trimmed.fq.gz.temp.2_bismark_hisat2_pe.bam	sample_R1_val_1.fq_trimmed.fq.gz.temp.3_bismark_hisat2_pe.bam	sample_R1_val_1.fq_trimmed.fq.gz.temp.4_bismark_hisat2_pe.bam	sample_R1_val_1.fq_trimmed.fq.gz.temp.5_bismark_hisat2_pe.bam	sample_R1_val_1.fq_trimmed.fq.gz.temp.6_bismark_hisat2_pe.bam	sample_R1_val_1.fq_trimmed.fq.gz.temp.7_bismark_hisat2_pe.bam	sample_R1_val_1.fq_trimmed.fq.gz.temp.8_bismark_hisat2_pe.bam	

Number of paired-end alignments with a unique best hit:	39
Mapping efficiency:	0.0%

Sequence pairs with no alignments under any condition:	89742
Sequence pairs did not map uniquely:	9
Sequence pairs which were discarded because genomic sequence could not be extracted:	0

Number of sequence pairs with unique best (first) alignment came from the bowtie output:
CT/GA/CT:	29	((converted) top strand)
GA/CT/CT:	0	(complementary to (converted) top strand)
GA/CT/GA:	0	(complementary to (converted) bottom strand)
CT/GA/GA:	10	((converted) bottom strand)

Number of alignments to (merely theoretical) complementary strands being rejected in total:	0

sample_R1_val_1.fq_trimmed.fq.gz.temp.1_bismark_hisat2_PE_report.txt	sample_R1_val_1.fq_trimmed.fq.gz.temp.2_bismark_hisat2_PE_report.txt	sample_R1_val_1.fq_trimmed.fq.gz.temp.3_bismark_hisat2_PE_report.txt	sample_R1_val_1.fq_trimmed.fq.gz.temp.4_bismark_hisat2_PE_report.txt	sample_R1_val_1.fq_trimmed.fq.gz.temp.5_bismark_hisat2_PE_report.txt	sample_R1_val_1.fq_trimmed.fq.gz.temp.6_bismark_hisat2_PE_report.txt	sample_R1_val_1.fq_trimmed.fq.gz.temp.7_bismark_hisat2_PE_report.txt	sample_R1_val_1.fq_trimmed.fq.gz.temp.8_bismark_hisat2_PE_report.txt	

