[2020-06-01 04:37:58,147] multiqc                                            [DEBUG  ]  No MultiQC config found: /Myvolume/fyan0011/tools/miniconda3/envs/bsseq/lib/python3.6/site-packages/multiqc_config.yaml
[2020-06-01 04:37:58,148] multiqc                                            [DEBUG  ]  No MultiQC config found: /home/ubuntu/.multiqc_config.yaml
[2020-06-01 04:37:58,148] multiqc                                            [DEBUG  ]  No MultiQC config found: multiqc_config.yaml
[2020-06-01 04:37:58,148] multiqc                                            [DEBUG  ]  Command used: /home/ubuntu/miniconda3/envs/bsseq/bin/multiqc -f .
[2020-06-01 04:37:59,642] multiqc                                            [WARNING]  MultiQC Version v1.9 now available!
[2020-06-01 04:37:59,642] multiqc                                            [INFO   ]  This is MultiQC v1.8
[2020-06-01 04:37:59,643] multiqc                                            [DEBUG  ]  Command     : /home/ubuntu/miniconda3/envs/bsseq/bin/multiqc -f .
[2020-06-01 04:37:59,643] multiqc                                            [DEBUG  ]  Working dir : /Myvolume/fyan0011/GitHub/RRBS_nf/work/70/c139f73e0e5d8e03a40217d24fe029
[2020-06-01 04:37:59,643] multiqc                                            [INFO   ]  Template    : default
[2020-06-01 04:37:59,643] multiqc                                            [DEBUG  ]  Running Python 3.6.10 |Anaconda, Inc.| (default, Jan  7 2020, 21:14:29)  [GCC 7.3.0]
[2020-06-01 04:37:59,643] multiqc                                            [INFO   ]  Searching   : /Myvolume/fyan0011/GitHub/RRBS_nf/work/70/c139f73e0e5d8e03a40217d24fe029
[2020-06-01 04:37:59,643] multiqc                                            [DEBUG  ]  Analysing modules: custom_content, conpair, peddy, methylQA, phantompeakqualtools, qualimap, preseq, quast, qorts, rna_seqc, rsem, rseqc, busco, goleft_indexcov, disambiguate, supernova, deeptools, sargasso, verifybamid, mirtrace, happy, homer, macs2, theta2, snpeff, gatk, htseq, bcftools, featureCounts, fgbio, dedup, damageprofiler, biobambam2, mtnucratio, picard, prokka, samblaster, samtools, sexdeterrmine, bamtools, jellyfish, vcftools, longranger, stacks, bbmap, bismark, biscuit, hicexplorer, hicup, hicpro, salmon, kallisto, slamdunk, star, hisat2, tophat, bowtie2, bowtie1, kat, leehom, adapterRemoval, clipandmerge, cutadapt, flexbar, trimmomatic, skewer, sortmerna, biobloomtools, fastq_screen, afterqc, fastp, fastqc, minionqc, mosdepth, clusterflow, bcl2fastq, interop, flash, seqyclean
[2020-06-01 04:37:59,643] multiqc                                            [DEBUG  ]  Using temporary directory for creating report: /tmp/tmpgc0lt_l8
[2020-06-01 04:37:59,737] multiqc                                            [DEBUG  ]  File ignored by hicexplorer because it exceeded search pattern filesize limit: .command.run
[2020-06-01 04:37:59,739] multiqc                                            [DEBUG  ]  File ignored by longranger/invocation because it exceeded search pattern filesize limit: .command.run
[2020-06-01 04:37:59,778] multiqc                                            [DEBUG  ]  File ignored by longranger/invocation because it exceeded search pattern filesize limit: sample_R2.fq.gz_trimming_report.txt
[2020-06-01 04:37:59,786] multiqc                                            [DEBUG  ]  File ignored by longranger/invocation because it exceeded search pattern filesize limit: sample_R1.fq.gz_trimming_report.txt
[2020-06-01 04:37:59,796] multiqc                                            [DEBUG  ]  Ignoring file as matched an ignore pattern: sample_R2_fastqc.html
[2020-06-01 04:37:59,796] multiqc                                            [DEBUG  ]  Ignoring file as matched an ignore pattern: sample_R1_fastqc.html
[2020-06-01 04:37:59,806] multiqc                                            [DEBUG  ]  Ignoring file as matched an ignore pattern: sample_R2_val_2.fq_trimmed_fastqc.html
[2020-06-01 04:37:59,806] multiqc                                            [DEBUG  ]  Ignoring file as matched an ignore pattern: sample_R1_val_1.fq_trimmed_fastqc.html
[2020-06-01 04:37:59,999] multiqc.plots.bargraph                             [DEBUG  ]  Using matplotlib version 2.2.4
[2020-06-01 04:37:59,999] multiqc.plots.linegraph                            [DEBUG  ]  Using matplotlib version 2.2.4
[2020-06-01 04:38:00,000] multiqc                                            [DEBUG  ]  No samples found: custom_content
[2020-06-01 04:38:00,003] multiqc                                            [DEBUG  ]  No samples found: conpair
[2020-06-01 04:38:00,007] multiqc                                            [DEBUG  ]  No samples found: peddy
[2020-06-01 04:38:00,010] multiqc                                            [DEBUG  ]  No samples found: methylQA
[2020-06-01 04:38:00,012] multiqc                                            [DEBUG  ]  No samples found: phantompeakqualtools
[2020-06-01 04:38:00,016] multiqc                                            [DEBUG  ]  No samples found: qualimap
[2020-06-01 04:38:00,020] multiqc                                            [DEBUG  ]  No samples found: preseq
[2020-06-01 04:38:00,023] multiqc                                            [DEBUG  ]  No samples found: quast
[2020-06-01 04:38:00,026] multiqc                                            [DEBUG  ]  No samples found: qorts
[2020-06-01 04:38:00,030] multiqc                                            [DEBUG  ]  No samples found: rna_seqc
[2020-06-01 04:38:00,033] multiqc                                            [DEBUG  ]  No samples found: rsem
[2020-06-01 04:38:00,038] multiqc                                            [DEBUG  ]  No samples found: rseqc
[2020-06-01 04:38:00,041] multiqc                                            [DEBUG  ]  No samples found: busco
[2020-06-01 04:38:00,044] multiqc                                            [DEBUG  ]  No samples found: goleft_indexcov
[2020-06-01 04:38:00,047] multiqc                                            [DEBUG  ]  No samples found: disambiguate
[2020-06-01 04:38:00,051] multiqc                                            [DEBUG  ]  No samples found: supernova
[2020-06-01 04:38:00,056] multiqc                                            [DEBUG  ]  No samples found: deeptools
[2020-06-01 04:38:00,059] multiqc                                            [DEBUG  ]  No samples found: sargasso
[2020-06-01 04:38:00,062] multiqc                                            [DEBUG  ]  No samples found: verifybamid
[2020-06-01 04:38:00,065] multiqc                                            [DEBUG  ]  No samples found: mirtrace
[2020-06-01 04:38:00,069] multiqc                                            [DEBUG  ]  No samples found: happy
[2020-06-01 04:38:00,075] multiqc                                            [DEBUG  ]  No samples found: homer
[2020-06-01 04:38:00,078] multiqc                                            [DEBUG  ]  No samples found: macs2
[2020-06-01 04:38:00,081] multiqc                                            [DEBUG  ]  No samples found: theta2
[2020-06-01 04:38:00,084] multiqc                                            [DEBUG  ]  No samples found: snpeff
[2020-06-01 04:38:00,088] multiqc                                            [DEBUG  ]  No samples found: gatk
[2020-06-01 04:38:00,091] multiqc                                            [DEBUG  ]  No samples found: htseq
[2020-06-01 04:38:00,095] multiqc                                            [DEBUG  ]  No samples found: bcftools
[2020-06-01 04:38:00,098] multiqc                                            [DEBUG  ]  No samples found: featureCounts
[2020-06-01 04:38:00,101] multiqc                                            [DEBUG  ]  No samples found: fgbio
[2020-06-01 04:38:00,104] multiqc                                            [DEBUG  ]  No samples found: dedup
[2020-06-01 04:38:00,107] multiqc                                            [DEBUG  ]  No samples found: damageprofiler
[2020-06-01 04:38:00,115] multiqc                                            [DEBUG  ]  No samples found: biobambam2
[2020-06-01 04:38:00,118] multiqc                                            [DEBUG  ]  No samples found: mtnucratio
[2020-06-01 04:38:00,120] multiqc                                            [DEBUG  ]  No samples found: picard
[2020-06-01 04:38:00,123] multiqc                                            [DEBUG  ]  No samples found: prokka
[2020-06-01 04:38:00,126] multiqc                                            [DEBUG  ]  No samples found: samblaster
[2020-06-01 04:38:00,130] multiqc                                            [DEBUG  ]  No samples found: samtools
[2020-06-01 04:38:00,133] multiqc                                            [DEBUG  ]  No samples found: sexdeterrmine
[2020-06-01 04:38:00,137] multiqc                                            [DEBUG  ]  No samples found: bamtools
[2020-06-01 04:38:00,140] multiqc                                            [DEBUG  ]  No samples found: jellyfish
[2020-06-01 04:38:00,143] multiqc                                            [DEBUG  ]  No samples found: vcftools
[2020-06-01 04:38:00,147] multiqc                                            [DEBUG  ]  No samples found: longranger
[2020-06-01 04:38:00,150] multiqc                                            [DEBUG  ]  No samples found: stacks
[2020-06-01 04:38:00,155] multiqc                                            [DEBUG  ]  No samples found: bbmap
[2020-06-01 04:38:00,167] multiqc.modules.bismark.bismark                    [INFO   ]  Found 1 bismark alignment reports
[2020-06-01 04:38:00,175] multiqc.modules.bismark.bismark                    [INFO   ]  Found 1 bismark methextract reports
[2020-06-01 04:38:00,183] multiqc                                            [DEBUG  ]  No samples found: biscuit
[2020-06-01 04:38:00,187] multiqc                                            [DEBUG  ]  No samples found: hicexplorer
[2020-06-01 04:38:00,190] multiqc                                            [DEBUG  ]  No samples found: hicup
[2020-06-01 04:38:00,193] multiqc                                            [DEBUG  ]  No samples found: hicpro
[2020-06-01 04:38:00,196] multiqc                                            [DEBUG  ]  No samples found: salmon
[2020-06-01 04:38:00,199] multiqc                                            [DEBUG  ]  No samples found: kallisto
[2020-06-01 04:38:00,202] multiqc                                            [DEBUG  ]  No samples found: slamdunk
[2020-06-01 04:38:00,205] multiqc                                            [DEBUG  ]  No samples found: star
[2020-06-01 04:38:00,208] multiqc                                            [DEBUG  ]  No samples found: hisat2
[2020-06-01 04:38:00,211] multiqc                                            [DEBUG  ]  No samples found: tophat
[2020-06-01 04:38:00,215] multiqc                                            [DEBUG  ]  No samples found: bowtie2
[2020-06-01 04:38:00,218] multiqc                                            [DEBUG  ]  No samples found: bowtie1
[2020-06-01 04:38:00,221] multiqc                                            [DEBUG  ]  No samples found: kat
[2020-06-01 04:38:00,224] multiqc                                            [DEBUG  ]  No samples found: leehom
[2020-06-01 04:38:00,227] multiqc                                            [DEBUG  ]  No samples found: adapterRemoval
[2020-06-01 04:38:00,230] multiqc                                            [DEBUG  ]  No samples found: clipandmerge
[2020-06-01 04:38:00,236] multiqc.modules.cutadapt.cutadapt                  [INFO   ]  Found 2 reports
[2020-06-01 04:38:00,241] multiqc                                            [DEBUG  ]  No samples found: flexbar
[2020-06-01 04:38:00,245] multiqc                                            [DEBUG  ]  No samples found: trimmomatic
[2020-06-01 04:38:00,248] multiqc                                            [DEBUG  ]  No samples found: skewer
[2020-06-01 04:38:00,252] multiqc                                            [DEBUG  ]  No samples found: sortmerna
[2020-06-01 04:38:00,255] multiqc                                            [DEBUG  ]  No samples found: biobloomtools
[2020-06-01 04:38:00,259] multiqc                                            [DEBUG  ]  No samples found: fastq_screen
[2020-06-01 04:38:00,262] multiqc                                            [DEBUG  ]  No samples found: afterqc
[2020-06-01 04:38:00,266] multiqc                                            [DEBUG  ]  No samples found: fastp
[2020-06-01 04:38:00,388] multiqc.modules.fastqc.fastqc                      [INFO   ]  Found 4 reports
[2020-06-01 04:38:00,471] multiqc                                            [DEBUG  ]  No samples found: minionqc
[2020-06-01 04:38:00,474] multiqc                                            [DEBUG  ]  No samples found: mosdepth
[2020-06-01 04:38:00,477] multiqc                                            [DEBUG  ]  No samples found: clusterflow
[2020-06-01 04:38:00,481] multiqc                                            [DEBUG  ]  No samples found: bcl2fastq
[2020-06-01 04:38:00,484] multiqc                                            [DEBUG  ]  No samples found: interop
[2020-06-01 04:38:00,487] multiqc                                            [DEBUG  ]  No samples found: flash
[2020-06-01 04:38:00,490] multiqc                                            [DEBUG  ]  No samples found: seqyclean
[2020-06-01 04:38:00,499] multiqc                                            [INFO   ]  Compressing plot data
[2020-06-01 04:38:00,573] multiqc                                            [INFO   ]  Report      : multiqc_report.html
[2020-06-01 04:38:00,574] multiqc                                            [INFO   ]  Data        : multiqc_data
[2020-06-01 04:38:00,574] multiqc                                            [DEBUG  ]  Moving data file from '/tmp/tmpgc0lt_l8/multiqc_data/multiqc_qualimap_bamqc_genome_results.txt' to '/Myvolume/fyan0011/GitHub/RRBS_nf/work/70/c139f73e0e5d8e03a40217d24fe029/multiqc_data'
[2020-06-01 04:38:00,574] multiqc                                            [DEBUG  ]  Moving data file from '/tmp/tmpgc0lt_l8/multiqc_data/multiqc_bismark_alignment.txt' to '/Myvolume/fyan0011/GitHub/RRBS_nf/work/70/c139f73e0e5d8e03a40217d24fe029/multiqc_data'
[2020-06-01 04:38:00,574] multiqc                                            [DEBUG  ]  Moving data file from '/tmp/tmpgc0lt_l8/multiqc_data/multiqc_bismark_methextract.txt' to '/Myvolume/fyan0011/GitHub/RRBS_nf/work/70/c139f73e0e5d8e03a40217d24fe029/multiqc_data'
[2020-06-01 04:38:00,574] multiqc                                            [DEBUG  ]  Moving data file from '/tmp/tmpgc0lt_l8/multiqc_data/multiqc_data.json' to '/Myvolume/fyan0011/GitHub/RRBS_nf/work/70/c139f73e0e5d8e03a40217d24fe029/multiqc_data'
[2020-06-01 04:38:00,575] multiqc                                            [DEBUG  ]  Moving data file from '/tmp/tmpgc0lt_l8/multiqc_data/multiqc_fastqc.txt' to '/Myvolume/fyan0011/GitHub/RRBS_nf/work/70/c139f73e0e5d8e03a40217d24fe029/multiqc_data'
[2020-06-01 04:38:00,575] multiqc                                            [DEBUG  ]  Moving data file from '/tmp/tmpgc0lt_l8/multiqc_data/multiqc_cutadapt.txt' to '/Myvolume/fyan0011/GitHub/RRBS_nf/work/70/c139f73e0e5d8e03a40217d24fe029/multiqc_data'
[2020-06-01 04:38:00,575] multiqc                                            [DEBUG  ]  Moving data file from '/tmp/tmpgc0lt_l8/multiqc_data/multiqc_sources.txt' to '/Myvolume/fyan0011/GitHub/RRBS_nf/work/70/c139f73e0e5d8e03a40217d24fe029/multiqc_data'
[2020-06-01 04:38:00,575] multiqc                                            [DEBUG  ]  Moving data file from '/tmp/tmpgc0lt_l8/multiqc_data/multiqc_general_stats.txt' to '/Myvolume/fyan0011/GitHub/RRBS_nf/work/70/c139f73e0e5d8e03a40217d24fe029/multiqc_data'
[2020-06-01 04:38:00,680] multiqc                                            [INFO   ]  MultiQC complete
