Writing bisulfite genomes out into a single MFA (multi FastA) file

Bisulfite Genome Indexer version v0.22.3 (last modified: 14 April 2019)

Step I - Prepare genome folders - completed



Step II - Genome bisulfite conversions - completed


Bismark Genome Preparation - Step III: Launching the HISAT2 indexer
Preparing indexing of CT converted genome in /Myvolume/fyan0011/GitHub/RRBS_nf/work/fe/b6fcb1f8af147698f6f786b74c1b09/bismarkindex/Bisulfite_Genome/CT_conversion/
Settings:
  Output files: "BS_CT.*.ht2"
  Line rate: 6 (line is 64 bytes)
  Lines per side: 1 (side is 64 bytes)
  Offset rate: 4 (one in 16)
  FTable chars: 10
  Strings: unpacked
  Local offset rate: 3 (one in 8)
  Local fTable chars: 6
  Local sequence length: 57344
  Local sequence overlap between two consecutive indexes: 1024
  Endianness: little
  Actual local endianness: little
  Sanity checking: disabled
  Assertions: disabled
  Random seed: 0
  Sizeofs: void*:8, int:4, long:8, size_t:8
Input files DNA, FASTA:
  genome_mfa.CT_conversion.fa
Reading reference sizes
  Time reading reference sizes: 00:00:00
Calculating joined length
Writing header
Reserving space for joined string
Joining reference sequences
  Time to join reference sequences: 00:00:01
  Time to read SNPs and splice sites: 00:00:00
Using parameters --bmax 6542727 --dcv 1024
  Doing ahead-of-time memory usage test
  Passed!  Constructing with these parameters: --bmax 6542727 --dcv 1024
Constructing suffix-array element generator
Preparing indexing of GA converted genome in /Myvolume/fyan0011/GitHub/RRBS_nf/work/fe/b6fcb1f8af147698f6f786b74c1b09/bismarkindex/Bisulfite_Genome/GA_conversion/
Settings:
  Output files: "BS_GA.*.ht2"
  Line rate: 6 (line is 64 bytes)
  Lines per side: 1 (side is 64 bytes)
  Offset rate: 4 (one in 16)
  FTable chars: 10
  Strings: unpacked
  Local offset rate: 3 (one in 8)
  Local fTable chars: 6
  Local sequence length: 57344
  Local sequence overlap between two consecutive indexes: 1024
  Endianness: little
  Actual local endianness: little
  Sanity checking: disabled
  Assertions: disabled
  Random seed: 0
  Sizeofs: void*:8, int:4, long:8, size_t:8
Input files DNA, FASTA:
  genome_mfa.GA_conversion.fa
Reading reference sizes
  Time reading reference sizes: 00:00:00
Calculating joined length
Writing header
Reserving space for joined string
Joining reference sequences
  Time to join reference sequences: 00:00:01
  Time to read SNPs and splice sites: 00:00:00
Using parameters --bmax 6542727 --dcv 1024
  Doing ahead-of-time memory usage test
  Passed!  Constructing with these parameters: --bmax 6542727 --dcv 1024
Constructing suffix-array element generator
Converting suffix-array elements to index image
Allocating ftab, absorbFtab
Entering GFM loop
Converting suffix-array elements to index image
Allocating ftab, absorbFtab
Entering GFM loop
Exited GFM loop
fchr[A]: 0
fchr[C]: 17464010
fchr[G]: 25839994
fchr[T]: 25839994
fchr[$]: 34894545
Exiting GFM::buildToDisk()
Returning from initFromVector
Wrote 15826308 bytes to primary GFM file: BS_GA.1.ht2
Wrote 8723644 bytes to secondary GFM file: BS_GA.2.ht2
Re-opening _in1 and _in2 as input streams
Returning from GFM constructor
Exited GFM loop
fchr[A]: 0
fchr[C]: 9094775
fchr[G]: 9094775
fchr[T]: 17464010
fchr[$]: 34894545
Exiting GFM::buildToDisk()
Returning from initFromVector
Wrote 15826308 bytes to primary GFM file: BS_CT.1.ht2
Wrote 8723644 bytes to secondary GFM file: BS_CT.2.ht2
Re-opening _in1 and _in2 as input streams
Returning from GFM constructor
Returning from initFromVector
Wrote 15353415 bytes to primary GFM file: BS_GA.5.ht2
Wrote 8883598 bytes to secondary GFM file: BS_GA.6.ht2
Re-opening _in5 and _in5 as input streams
Returning from HierEbwt constructor
Headers:
    len: 34894545
    gbwtLen: 34894546
    nodes: 34894546
    sz: 8723637
    gbwtSz: 8723637
    lineRate: 6
    offRate: 4
    offMask: 0xfffffff0
    ftabChars: 10
    eftabLen: 0
    eftabSz: 0
    ftabLen: 1048577
    ftabSz: 4194308
    offsLen: 2180910
    offsSz: 8723640
    lineSz: 64
    sideSz: 64
    sideGbwtSz: 48
    sideGbwtLen: 192
    numSides: 181743
    numLines: 181743
    gbwtTotLen: 11631552
    gbwtTotSz: 11631552
    reverse: 0
    linearFM: Yes
Total time for call to driver() for forward index: 00:00:30
Returning from initFromVector
Wrote 15353415 bytes to primary GFM file: BS_CT.5.ht2
Wrote 8883598 bytes to secondary GFM file: BS_CT.6.ht2
Re-opening _in5 and _in5 as input streams
Returning from HierEbwt constructor
Headers:
    len: 34894545
    gbwtLen: 34894546
    nodes: 34894546
    sz: 8723637
    gbwtSz: 8723637
    lineRate: 6
    offRate: 4
    offMask: 0xfffffff0
    ftabChars: 10
    eftabLen: 0
    eftabSz: 0
    ftabLen: 1048577
    ftabSz: 4194308
    offsLen: 2180910
    offsSz: 8723640
    lineSz: 64
    sideSz: 64
    sideGbwtSz: 48
    sideGbwtLen: 192
    numSides: 181743
    numLines: 181743
    gbwtTotLen: 11631552
    gbwtTotSz: 11631552
    reverse: 0
    linearFM: Yes
Total time for call to driver() for forward index: 00:00:34
