[2020-06-01 04:33:02,833] multiqc                                            [DEBUG  ]  No MultiQC config found: /Myvolume/fyan0011/tools/miniconda3/envs/bsseq/lib/python3.6/site-packages/multiqc_config.yaml
[2020-06-01 04:33:02,833] multiqc                                            [DEBUG  ]  No MultiQC config found: /home/ubuntu/.multiqc_config.yaml
[2020-06-01 04:33:02,833] multiqc                                            [DEBUG  ]  No MultiQC config found: multiqc_config.yaml
[2020-06-01 04:33:02,834] multiqc                                            [DEBUG  ]  Command used: /home/ubuntu/miniconda3/envs/bsseq/bin/multiqc -f .
[2020-06-01 04:33:04,652] multiqc                                            [WARNING]  MultiQC Version v1.9 now available!
[2020-06-01 04:33:04,652] multiqc                                            [INFO   ]  This is MultiQC v1.8
[2020-06-01 04:33:04,653] multiqc                                            [DEBUG  ]  Command     : /home/ubuntu/miniconda3/envs/bsseq/bin/multiqc -f .
[2020-06-01 04:33:04,653] multiqc                                            [DEBUG  ]  Working dir : /Myvolume/fyan0011/GitHub/RRBS_nf/work/73/d5b6284222cc379e364229ae63a982
[2020-06-01 04:33:04,653] multiqc                                            [INFO   ]  Template    : default
[2020-06-01 04:33:04,653] multiqc                                            [DEBUG  ]  Running Python 3.6.10 |Anaconda, Inc.| (default, Jan  7 2020, 21:14:29)  [GCC 7.3.0]
[2020-06-01 04:33:04,653] multiqc                                            [INFO   ]  Searching   : /Myvolume/fyan0011/GitHub/RRBS_nf/work/73/d5b6284222cc379e364229ae63a982
[2020-06-01 04:33:04,653] multiqc                                            [DEBUG  ]  Analysing modules: custom_content, conpair, peddy, methylQA, phantompeakqualtools, qualimap, preseq, quast, qorts, rna_seqc, rsem, rseqc, busco, goleft_indexcov, disambiguate, supernova, deeptools, sargasso, verifybamid, mirtrace, happy, homer, macs2, theta2, snpeff, gatk, htseq, bcftools, featureCounts, fgbio, dedup, damageprofiler, biobambam2, mtnucratio, picard, prokka, samblaster, samtools, sexdeterrmine, bamtools, jellyfish, vcftools, longranger, stacks, bbmap, bismark, biscuit, hicexplorer, hicup, hicpro, salmon, kallisto, slamdunk, star, hisat2, tophat, bowtie2, bowtie1, kat, leehom, adapterRemoval, clipandmerge, cutadapt, flexbar, trimmomatic, skewer, sortmerna, biobloomtools, fastq_screen, afterqc, fastp, fastqc, minionqc, mosdepth, clusterflow, bcl2fastq, interop, flash, seqyclean
[2020-06-01 04:33:04,654] multiqc                                            [DEBUG  ]  Using temporary directory for creating report: /tmp/tmpmcs3qc8w
[2020-06-01 04:33:04,743] multiqc                                            [DEBUG  ]  File ignored by hicexplorer because it exceeded search pattern filesize limit: .command.run
[2020-06-01 04:33:04,744] multiqc                                            [DEBUG  ]  File ignored by longranger/invocation because it exceeded search pattern filesize limit: .command.run
[2020-06-01 04:33:04,777] multiqc                                            [DEBUG  ]  Ignoring file as matched an ignore pattern: sample_R1_val_1.fq_trimmed_bismark_hisat2_PE_report.html
[2020-06-01 04:33:04,780] multiqc                                            [DEBUG  ]  File ignored by longranger/invocation because it exceeded search pattern filesize limit: sample_R2.fq.gz_trimming_report.txt
[2020-06-01 04:33:04,788] multiqc                                            [DEBUG  ]  File ignored by longranger/invocation because it exceeded search pattern filesize limit: sample_R1.fq.gz_trimming_report.txt
[2020-06-01 04:33:04,798] multiqc                                            [DEBUG  ]  Ignoring file as matched an ignore pattern: bismark_summary_report.html
[2020-06-01 04:33:04,802] multiqc                                            [DEBUG  ]  Ignoring file as matched an ignore pattern: sample_R2_fastqc.html
[2020-06-01 04:33:04,803] multiqc                                            [DEBUG  ]  Ignoring file as matched an ignore pattern: sample_R1_fastqc.html
[2020-06-01 04:33:04,812] multiqc                                            [DEBUG  ]  Ignoring file as matched an ignore pattern: sample_R2_val_2.fq_trimmed_fastqc.html
[2020-06-01 04:33:04,813] multiqc                                            [DEBUG  ]  Ignoring file as matched an ignore pattern: sample_R1_val_1.fq_trimmed_fastqc.html
[2020-06-01 04:33:05,015] multiqc.plots.bargraph                             [DEBUG  ]  Using matplotlib version 2.2.4
[2020-06-01 04:33:05,016] multiqc.plots.linegraph                            [DEBUG  ]  Using matplotlib version 2.2.4
[2020-06-01 04:33:05,017] multiqc                                            [DEBUG  ]  No samples found: custom_content
[2020-06-01 04:33:05,020] multiqc                                            [DEBUG  ]  No samples found: conpair
[2020-06-01 04:33:05,023] multiqc                                            [DEBUG  ]  No samples found: peddy
[2020-06-01 04:33:05,026] multiqc                                            [DEBUG  ]  No samples found: methylQA
[2020-06-01 04:33:05,029] multiqc                                            [DEBUG  ]  No samples found: phantompeakqualtools
[2020-06-01 04:33:05,033] multiqc                                            [DEBUG  ]  No samples found: qualimap
[2020-06-01 04:33:05,036] multiqc                                            [DEBUG  ]  No samples found: preseq
[2020-06-01 04:33:05,040] multiqc                                            [DEBUG  ]  No samples found: quast
[2020-06-01 04:33:05,043] multiqc                                            [DEBUG  ]  No samples found: qorts
[2020-06-01 04:33:05,046] multiqc                                            [DEBUG  ]  No samples found: rna_seqc
[2020-06-01 04:33:05,049] multiqc                                            [DEBUG  ]  No samples found: rsem
[2020-06-01 04:33:05,054] multiqc                                            [DEBUG  ]  No samples found: rseqc
[2020-06-01 04:33:05,057] multiqc                                            [DEBUG  ]  No samples found: busco
[2020-06-01 04:33:05,060] multiqc                                            [DEBUG  ]  No samples found: goleft_indexcov
[2020-06-01 04:33:05,063] multiqc                                            [DEBUG  ]  No samples found: disambiguate
[2020-06-01 04:33:05,066] multiqc                                            [DEBUG  ]  No samples found: supernova
[2020-06-01 04:33:05,071] multiqc                                            [DEBUG  ]  No samples found: deeptools
[2020-06-01 04:33:05,075] multiqc                                            [DEBUG  ]  No samples found: sargasso
[2020-06-01 04:33:05,078] multiqc                                            [DEBUG  ]  No samples found: verifybamid
[2020-06-01 04:33:05,081] multiqc                                            [DEBUG  ]  No samples found: mirtrace
[2020-06-01 04:33:05,085] multiqc                                            [DEBUG  ]  No samples found: happy
[2020-06-01 04:33:05,092] multiqc                                            [DEBUG  ]  No samples found: homer
[2020-06-01 04:33:05,095] multiqc                                            [DEBUG  ]  No samples found: macs2
[2020-06-01 04:33:05,098] multiqc                                            [DEBUG  ]  No samples found: theta2
[2020-06-01 04:33:05,101] multiqc                                            [DEBUG  ]  No samples found: snpeff
[2020-06-01 04:33:05,105] multiqc                                            [DEBUG  ]  No samples found: gatk
[2020-06-01 04:33:05,108] multiqc                                            [DEBUG  ]  No samples found: htseq
[2020-06-01 04:33:05,112] multiqc                                            [DEBUG  ]  No samples found: bcftools
[2020-06-01 04:33:05,115] multiqc                                            [DEBUG  ]  No samples found: featureCounts
[2020-06-01 04:33:05,119] multiqc                                            [DEBUG  ]  No samples found: fgbio
[2020-06-01 04:33:05,122] multiqc                                            [DEBUG  ]  No samples found: dedup
[2020-06-01 04:33:05,125] multiqc                                            [DEBUG  ]  No samples found: damageprofiler
[2020-06-01 04:33:05,132] multiqc                                            [DEBUG  ]  No samples found: biobambam2
[2020-06-01 04:33:05,135] multiqc                                            [DEBUG  ]  No samples found: mtnucratio
[2020-06-01 04:33:05,138] multiqc                                            [DEBUG  ]  No samples found: picard
[2020-06-01 04:33:05,141] multiqc                                            [DEBUG  ]  No samples found: prokka
[2020-06-01 04:33:05,144] multiqc                                            [DEBUG  ]  No samples found: samblaster
[2020-06-01 04:33:05,148] multiqc                                            [DEBUG  ]  No samples found: samtools
[2020-06-01 04:33:05,151] multiqc                                            [DEBUG  ]  No samples found: sexdeterrmine
[2020-06-01 04:33:05,155] multiqc                                            [DEBUG  ]  No samples found: bamtools
[2020-06-01 04:33:05,158] multiqc                                            [DEBUG  ]  No samples found: jellyfish
[2020-06-01 04:33:05,162] multiqc                                            [DEBUG  ]  No samples found: vcftools
[2020-06-01 04:33:05,165] multiqc                                            [DEBUG  ]  No samples found: longranger
[2020-06-01 04:33:05,168] multiqc                                            [DEBUG  ]  No samples found: stacks
[2020-06-01 04:33:05,173] multiqc                                            [DEBUG  ]  No samples found: bbmap
[2020-06-01 04:33:05,185] multiqc.modules.bismark.bismark                    [INFO   ]  Found 1 bismark alignment reports
[2020-06-01 04:33:05,193] multiqc.modules.bismark.bismark                    [INFO   ]  Found 1 bismark methextract reports
[2020-06-01 04:33:05,202] multiqc                                            [DEBUG  ]  No samples found: biscuit
[2020-06-01 04:33:05,205] multiqc                                            [DEBUG  ]  No samples found: hicexplorer
[2020-06-01 04:33:05,208] multiqc                                            [DEBUG  ]  No samples found: hicup
[2020-06-01 04:33:05,212] multiqc                                            [DEBUG  ]  No samples found: hicpro
[2020-06-01 04:33:05,215] multiqc                                            [DEBUG  ]  No samples found: salmon
[2020-06-01 04:33:05,218] multiqc                                            [DEBUG  ]  No samples found: kallisto
[2020-06-01 04:33:05,221] multiqc                                            [DEBUG  ]  No samples found: slamdunk
[2020-06-01 04:33:05,224] multiqc                                            [DEBUG  ]  No samples found: star
[2020-06-01 04:33:05,227] multiqc                                            [DEBUG  ]  No samples found: hisat2
[2020-06-01 04:33:05,230] multiqc                                            [DEBUG  ]  No samples found: tophat
[2020-06-01 04:33:05,234] multiqc                                            [DEBUG  ]  No samples found: bowtie2
[2020-06-01 04:33:05,237] multiqc                                            [DEBUG  ]  No samples found: bowtie1
[2020-06-01 04:33:05,240] multiqc                                            [DEBUG  ]  No samples found: kat
[2020-06-01 04:33:05,243] multiqc                                            [DEBUG  ]  No samples found: leehom
[2020-06-01 04:33:05,246] multiqc                                            [DEBUG  ]  No samples found: adapterRemoval
[2020-06-01 04:33:05,249] multiqc                                            [DEBUG  ]  No samples found: clipandmerge
[2020-06-01 04:33:05,255] multiqc.modules.cutadapt.cutadapt                  [INFO   ]  Found 2 reports
[2020-06-01 04:33:05,260] multiqc                                            [DEBUG  ]  No samples found: flexbar
[2020-06-01 04:33:05,263] multiqc                                            [DEBUG  ]  No samples found: trimmomatic
[2020-06-01 04:33:05,266] multiqc                                            [DEBUG  ]  No samples found: skewer
[2020-06-01 04:33:05,269] multiqc                                            [DEBUG  ]  No samples found: sortmerna
[2020-06-01 04:33:05,272] multiqc                                            [DEBUG  ]  No samples found: biobloomtools
[2020-06-01 04:33:05,276] multiqc                                            [DEBUG  ]  No samples found: fastq_screen
[2020-06-01 04:33:05,279] multiqc                                            [DEBUG  ]  No samples found: afterqc
[2020-06-01 04:33:05,282] multiqc                                            [DEBUG  ]  No samples found: fastp
[2020-06-01 04:33:05,400] multiqc.modules.fastqc.fastqc                      [INFO   ]  Found 4 reports
[2020-06-01 04:33:05,481] multiqc                                            [DEBUG  ]  No samples found: minionqc
[2020-06-01 04:33:05,484] multiqc                                            [DEBUG  ]  No samples found: mosdepth
[2020-06-01 04:33:05,487] multiqc                                            [DEBUG  ]  No samples found: clusterflow
[2020-06-01 04:33:05,491] multiqc                                            [DEBUG  ]  No samples found: bcl2fastq
[2020-06-01 04:33:05,494] multiqc                                            [DEBUG  ]  No samples found: interop
[2020-06-01 04:33:05,497] multiqc                                            [DEBUG  ]  No samples found: flash
[2020-06-01 04:33:05,500] multiqc                                            [DEBUG  ]  No samples found: seqyclean
[2020-06-01 04:33:05,508] multiqc                                            [INFO   ]  Compressing plot data
[2020-06-01 04:33:05,582] multiqc                                            [INFO   ]  Report      : multiqc_report.html
[2020-06-01 04:33:05,582] multiqc                                            [INFO   ]  Data        : multiqc_data
[2020-06-01 04:33:05,582] multiqc                                            [DEBUG  ]  Moving data file from '/tmp/tmpmcs3qc8w/multiqc_data/multiqc_qualimap_bamqc_genome_results.txt' to '/Myvolume/fyan0011/GitHub/RRBS_nf/work/73/d5b6284222cc379e364229ae63a982/multiqc_data'
[2020-06-01 04:33:05,583] multiqc                                            [DEBUG  ]  Moving data file from '/tmp/tmpmcs3qc8w/multiqc_data/multiqc_bismark_alignment.txt' to '/Myvolume/fyan0011/GitHub/RRBS_nf/work/73/d5b6284222cc379e364229ae63a982/multiqc_data'
[2020-06-01 04:33:05,583] multiqc                                            [DEBUG  ]  Moving data file from '/tmp/tmpmcs3qc8w/multiqc_data/multiqc_bismark_methextract.txt' to '/Myvolume/fyan0011/GitHub/RRBS_nf/work/73/d5b6284222cc379e364229ae63a982/multiqc_data'
[2020-06-01 04:33:05,583] multiqc                                            [DEBUG  ]  Moving data file from '/tmp/tmpmcs3qc8w/multiqc_data/multiqc_data.json' to '/Myvolume/fyan0011/GitHub/RRBS_nf/work/73/d5b6284222cc379e364229ae63a982/multiqc_data'
[2020-06-01 04:33:05,584] multiqc                                            [DEBUG  ]  Moving data file from '/tmp/tmpmcs3qc8w/multiqc_data/multiqc_fastqc.txt' to '/Myvolume/fyan0011/GitHub/RRBS_nf/work/73/d5b6284222cc379e364229ae63a982/multiqc_data'
[2020-06-01 04:33:05,584] multiqc                                            [DEBUG  ]  Moving data file from '/tmp/tmpmcs3qc8w/multiqc_data/multiqc_cutadapt.txt' to '/Myvolume/fyan0011/GitHub/RRBS_nf/work/73/d5b6284222cc379e364229ae63a982/multiqc_data'
[2020-06-01 04:33:05,584] multiqc                                            [DEBUG  ]  Moving data file from '/tmp/tmpmcs3qc8w/multiqc_data/multiqc_sources.txt' to '/Myvolume/fyan0011/GitHub/RRBS_nf/work/73/d5b6284222cc379e364229ae63a982/multiqc_data'
[2020-06-01 04:33:05,584] multiqc                                            [DEBUG  ]  Moving data file from '/tmp/tmpmcs3qc8w/multiqc_data/multiqc_general_stats.txt' to '/Myvolume/fyan0011/GitHub/RRBS_nf/work/73/d5b6284222cc379e364229ae63a982/multiqc_data'
[2020-06-01 04:33:05,673] multiqc                                            [INFO   ]  MultiQC complete
