Using an excessive number of cores has a diminishing return! It is recommended not to exceed 8 cores per trimming process (you asked for 8 cores). Please consider re-specifying
Path to Cutadapt set as: 'cutadapt' (default)
Cutadapt seems to be working fine (tested command 'cutadapt --version')
Cutadapt version: 1.18
Could not detect version of Python used by Cutadapt from the first line of Cutadapt (but found this: >>>#!/bin/sh<<<)
Letting the (modified) Cutadapt deal with the Python version instead
Parallel gzip (pigz) detected. Proceeding with multicore (de)compression using 8 cores

No quality encoding type selected. Assuming that the data provided uses Sanger encoded Phred scores (default)

Writing report to 'sample_R1.fq.gz_trimming_report.txt'

SUMMARISING RUN PARAMETERS
==========================
Input filename: sample_R1.fq.gz
Trimming mode: paired-end
Trim Galore version: 0.6.4_dev
Cutadapt version: 1.18
Python version: could not detect
Number of cores used for trimming: 8
Quality Phred score cutoff: 20
Quality encoding type selected: ASCII+33
Adapter sequence: 'AGATCGGAAGAGC' (user defined)
Maximum trimming error rate: 0.1 (default)
Optional adapter 2 sequence (only used for read 2 of paired-end files): 'AAATCAAAAAAAC'
Minimum required adapter overlap (stringency): 1 bp
Minimum required sequence length for both reads before a sequence pair gets removed: 20 bp
Output file(s) will be GZIP compressed

Cutadapt seems to be reasonably up-to-date. Setting -j 8
Writing final adapter and quality trimmed output to sample_R1_trimmed.fq.gz


  >>> Now performing quality (cutoff '-q 20') and adapter trimming in a single pass for the adapter sequence: 'AGATCGGAAGAGC' from file sample_R1.fq.gz <<< 
This is cutadapt 1.18 with Python 3.6.10
Command line parameters: -j 8 -e 0.1 -q 20 -O 1 -a AGATCGGAAGAGC sample_R1.fq.gz
Processing reads on 8 cores in single-end mode ...
Finished in 0.59 s (6 us/read; 10.12 M reads/minute).

=== Summary ===

Total reads processed:                 100,000
Reads with adapters:                    46,867 (46.9%)
Reads written (passing filters):       100,000 (100.0%)

Total basepairs processed:     7,790,305 bp
Quality-trimmed:                  27,496 bp (0.4%)
Total written (filtered):      7,270,723 bp (93.3%)

=== Adapter 1 ===

Sequence: AGATCGGAAGAGC; Type: regular 3'; Length: 13; Trimmed: 46867 times.

No. of allowed errors:
0-9 bp: 0; 10-13 bp: 1

Bases preceding removed adapters:
  A: 24.7%
  C: 15.0%
  G: 17.3%
  T: 43.0%
  none/other: 0.0%

Overview of removed sequences
length	count	expect	max.err	error counts
1	17903	25000.0	0	17903
2	6744	6250.0	0	6744
3	1763	1562.5	0	1763
4	1406	390.6	0	1406
5	37	97.7	0	37
6	469	24.4	0	469
7	492	6.1	0	492
8	445	1.5	0	445
9	549	0.4	0	543 6
10	843	0.1	1	810 33
11	275	0.0	1	262 13
12	877	0.0	1	836 41
13	432	0.0	1	410 22
14	600	0.0	1	572 28
15	459	0.0	1	442 17
16	431	0.0	1	407 24
17	101	0.0	1	98 3
18	603	0.0	1	570 33
19	1073	0.0	1	1030 43
20	205	0.0	1	187 18
21	796	0.0	1	769 27
22	1068	0.0	1	1029 39
23	619	0.0	1	592 27
24	1051	0.0	1	1012 39
25	69	0.0	1	58 11
26	495	0.0	1	471 24
27	520	0.0	1	492 28
28	197	0.0	1	183 14
29	348	0.0	1	329 19
30	568	0.0	1	546 22
31	738	0.0	1	697 41
32	389	0.0	1	365 24
33	529	0.0	1	495 34
34	305	0.0	1	289 16
35	448	0.0	1	426 22
36	413	0.0	1	399 14
37	324	0.0	1	309 15
38	149	0.0	1	144 5
39	263	0.0	1	250 13
40	366	0.0	1	348 18
41	238	0.0	1	218 20
42	225	0.0	1	215 10
43	207	0.0	1	193 14
44	143	0.0	1	136 7
45	158	0.0	1	151 7
46	145	0.0	1	137 8
47	79	0.0	1	77 2
48	73	0.0	1	69 4
49	12	0.0	1	12
50	23	0.0	1	23
51	3	0.0	1	3
52	18	0.0	1	18
53	8	0.0	1	7 1
54	11	0.0	1	9 2
55	2	0.0	1	2
56	5	0.0	1	5
57	2	0.0	1	2
58	1	0.0	1	0 1
59	3	0.0	1	2 1
61	1	0.0	1	1
62	1	0.0	1	0 1
66	1	0.0	1	1
67	1	0.0	1	1
69	1	0.0	1	1
70	21	0.0	1	15 6
71	14	0.0	1	13 1
72	22	0.0	1	21 1
73	32	0.0	1	25 7
74	33	0.0	1	31 2
75	11	0.0	1	9 2
76	7	0.0	1	7
77	2	0.0	1	2
78	2	0.0	1	0 2


RUN STATISTICS FOR INPUT FILE: sample_R1.fq.gz
=============================================
100000 sequences processed in total
The length threshold of paired-end sequences gets evaluated later on (in the validation step)

Writing report to 'sample_R2.fq.gz_trimming_report.txt'

SUMMARISING RUN PARAMETERS
==========================
Input filename: sample_R2.fq.gz
Trimming mode: paired-end
Trim Galore version: 0.6.4_dev
Cutadapt version: 1.18
Python version: could not detect
Number of cores used for trimming: 8
Quality Phred score cutoff: 20
Quality encoding type selected: ASCII+33
Adapter sequence: 'AGATCGGAAGAGC' (user defined)
Maximum trimming error rate: 0.1 (default)
Optional adapter 2 sequence (only used for read 2 of paired-end files): 'AAATCAAAAAAAC'
Minimum required adapter overlap (stringency): 1 bp
Minimum required sequence length for both reads before a sequence pair gets removed: 20 bp
Output file(s) will be GZIP compressed

Cutadapt seems to be reasonably up-to-date. Setting -j -j 8
Writing final adapter and quality trimmed output to sample_R2_trimmed.fq.gz


  >>> Now performing quality (cutoff '-q 20') and adapter trimming in a single pass for the adapter sequence: 'AAATCAAAAAAAC' from file sample_R2.fq.gz <<< 
This is cutadapt 1.18 with Python 3.6.10
Command line parameters: -j 8 -e 0.1 -q 20 -O 1 -a AAATCAAAAAAAC sample_R2.fq.gz
Processing reads on 8 cores in single-end mode ...
Finished in 0.54 s (5 us/read; 11.10 M reads/minute).

=== Summary ===

Total reads processed:                 100,000
Reads with adapters:                    58,452 (58.5%)
Reads written (passing filters):       100,000 (100.0%)

Total basepairs processed:     7,800,000 bp
Quality-trimmed:                 180,692 bp (2.3%)
Total written (filtered):      6,928,245 bp (88.8%)

=== Adapter 1 ===

Sequence: AAATCAAAAAAAC; Type: regular 3'; Length: 13; Trimmed: 58452 times.

No. of allowed errors:
0-9 bp: 0; 10-13 bp: 1

Bases preceding removed adapters:
  A: 28.7%
  C: 32.8%
  G: 4.7%
  T: 33.7%
  none/other: 0.1%

Overview of removed sequences
length	count	expect	max.err	error counts
1	13961	25000.0	0	13961
2	7849	6250.0	0	7849
3	10539	1562.5	0	10539
4	2195	390.6	0	2195
5	818	97.7	0	818
6	553	24.4	0	553
7	502	6.1	0	502
8	466	1.5	0	466
9	609	0.4	0	452 157
10	875	0.1	1	496 379
11	839	0.0	1	567 272
12	600	0.0	1	401 199
13	781	0.0	1	709 72
14	334	0.0	1	255 79
15	741	0.0	1	668 73
16	309	0.0	1	231 78
17	507	0.0	1	444 63
18	586	0.0	1	512 74
19	602	0.0	1	527 75
20	707	0.0	1	642 65
21	777	0.0	1	711 66
22	834	0.0	1	768 66
23	722	0.0	1	637 85
24	552	0.0	1	483 69
25	585	0.0	1	516 69
26	437	0.0	1	374 63
27	556	0.0	1	483 73
28	615	0.0	1	538 77
29	524	0.0	1	445 79
30	590	0.0	1	508 82
31	454	0.0	1	393 61
32	563	0.0	1	507 56
33	343	0.0	1	288 55
34	562	0.0	1	505 57
35	446	0.0	1	380 66
36	430	0.0	1	373 57
37	357	0.0	1	304 53
38	430	0.0	1	362 68
39	368	0.0	1	312 56
40	326	0.0	1	271 55
41	248	0.0	1	200 48
42	294	0.0	1	250 44
43	223	0.0	1	165 58
44	218	0.0	1	177 41
45	200	0.0	1	139 61
46	180	0.0	1	126 54
47	156	0.0	1	87 69
48	101	0.0	1	54 47
49	119	0.0	1	67 52
50	75	0.0	1	36 39
51	96	0.0	1	26 70
52	82	0.0	1	16 66
53	65	0.0	1	14 51
54	100	0.0	1	10 90
55	117	0.0	1	6 111
56	81	0.0	1	17 64
57	45	0.0	1	3 42
58	66	0.0	1	5 61
59	64	0.0	1	3 61
60	58	0.0	1	3 55
61	53	0.0	1	3 50
62	37	0.0	1	2 35
63	58	0.0	1	5 53
64	62	0.0	1	1 61
65	66	0.0	1	3 63
66	49	0.0	1	3 46
67	54	0.0	1	2 52
68	52	0.0	1	8 44
69	54	0.0	1	11 43
70	71	0.0	1	27 44
71	104	0.0	1	51 53
72	73	0.0	1	29 44
73	83	0.0	1	15 68
74	86	0.0	1	12 74
75	66	0.0	1	23 43
76	33	0.0	1	14 19
77	7	0.0	1	5 2
78	12	0.0	1	10 2


RUN STATISTICS FOR INPUT FILE: sample_R2.fq.gz
=============================================
100000 sequences processed in total
The length threshold of paired-end sequences gets evaluated later on (in the validation step)

Validate paired-end files sample_R1_trimmed.fq.gz and sample_R2_trimmed.fq.gz
file_1: sample_R1_trimmed.fq.gz, file_2: sample_R2_trimmed.fq.gz


>>>>> Now validing the length of the 2 paired-end infiles: sample_R1_trimmed.fq.gz and sample_R2_trimmed.fq.gz <<<<<
Writing validated paired-end Read 1 reads to sample_R1_val_1.fq.gz
Writing validated paired-end Read 2 reads to sample_R2_val_2.fq.gz

Total number of sequences analysed: 100000

Number of sequence pairs removed because at least one read was shorter than the length cutoff (20 bp): 2799 (2.80%)

Deleting both intermediate output files sample_R1_trimmed.fq.gz and sample_R2_trimmed.fq.gz

====================================================================================================

